<?xml version="1.0" encoding="UTF-8"?>
<testng-results ignored="0" total="0" passed="0" failed="0" skipped="0">
  <reporter-output>
  </reporter-output>
  <suite started-at="2024-06-04T13:17:14 IST" name="fbLoginLogout.LoginTest" finished-at="2024-06-04T13:17:14 IST" duration-ms="20">
    <groups>
    </groups>
    <test started-at="2024-06-04T13:17:14 IST" name="Command line test" finished-at="2024-06-04T13:17:14 IST" duration-ms="20">
    </test> <!-- Command line test -->
  </suite> <!-- fbLoginLogout.LoginTest -->
</testng-results>
