<?xml version="1.0" encoding="UTF-8"?>
<testng-results ignored="0" total="1" passed="1" failed="0" skipped="0">
  <reporter-output>
    <line>
      <![CDATA[logged in successfully]]>
    </line>
  </reporter-output>
  <suite started-at="2024-06-04T13:23:47 IST" name="Default suite" finished-at="2024-06-04T13:23:52 IST" duration-ms="5459">
    <groups>
    </groups>
    <test started-at="2024-06-04T13:23:47 IST" name="Default test" finished-at="2024-06-04T13:23:52 IST" duration-ms="5459">
      <class name="fbLoginLogout.LoginTest">
        <test-method signature="login()[pri:0, instance:fbLoginLogout.LoginTest@2d7275fc]" started-at="2024-06-04T13:23:47 IST" name="login" finished-at="2024-06-04T13:23:52 IST" duration-ms="5378" status="PASS">
          <reporter-output>
            <line>
              <![CDATA[logged in successfully]]>
            </line>
          </reporter-output>
        </test-method> <!-- login -->
      </class> <!-- fbLoginLogout.LoginTest -->
    </test> <!-- Default test -->
  </suite> <!-- Default suite -->
</testng-results>
